<?xml version="1.0" encoding="UTF-8" standalone="no"?>
<testsuite errors="0" failures="0" name="io.cucumber.core.plugin.JUnitFormatter" skipped="0" tests="5" time="65.828">
    <testcase classname="As a data consumer, I want the user information are stored in mySql DB correctly in users table." name="verify users has unique IDs" time="2.286">
        <system-out><![CDATA[When Execute query to get all IDs from users................................passed
Then verify all users has unique ID.........................................passed
]]></system-out>
    </testcase>
    <testcase classname="As a data consumer, I want the user information are stored in mySql DB correctly in users table." name="verify users table columns" time="0.932">
        <system-out><![CDATA[When Execute query to get all columns.......................................passed
Then verify the below columns are listed in result..........................passed
]]></system-out>
    </testcase>
    <testcase classname="As a librarian, I want to know borrowed books number" name="verify the total amount of borrowed books" time="17.706">
        <system-out><![CDATA[Given user login as a "librarian"...........................................passed
When user take borrowed books number........................................passed
Then borrowed books number information must match with DB...................passed
]]></system-out>
    </testcase>
    <testcase classname="As a data consumer, I want UI and DB book categories are match." name="verify book categories with DB" time="19.303">
        <system-out><![CDATA[Given I login as a "librarian"..............................................passed
When I navigate to Books page...............................................passed
And I take all book categories in UI........................................passed
And I execute query to get book categories..................................passed
Then verify book categories must match book_categories table from db........passed
]]></system-out>
    </testcase>
    <testcase classname="As a data consumer, I want UI and DB book information are match." name="Verify book information with DB" time="24.892">
        <system-out><![CDATA[Given I login as "librarian"................................................passed
When I navigate to "Books" page.............................................passed
When I open book "Chordeiles minor".........................................passed
Then book information must match the Database...............................passed
]]></system-out>
    </testcase>
</testsuite>
