<?xml version="1.0" encoding="UTF-8" standalone="no"?>
<testsuite errors="0" failures="1" name="io.cucumber.core.plugin.JUnitFormatter" skipped="0" tests="1" time="0.369">
    <testcase classname="As a data consumer, I want UI and DB book information are match." name="Verify book information with DB" time="0.038">
        <failure message="The scenario has pending or undefined step(s)" type="java.lang.Exception"><![CDATA[Given I login as "librarian"................................................undefined
When I navigate to "Books" page.............................................skipped
When I open book "Chordeiles minor".........................................skipped
Then book information must match the Database...............................skipped
]]></failure>
    </testcase>
</testsuite>
